#
# There is insufficient memory for the Java Runtime Environment to continue.
# Native memory allocation (malloc) failed to allocate 50592 bytes for Chunk::new
# Possible reasons:
#   The system is out of physical RAM or swap space
#   The process is running with CompressedOops enabled, and the Java Heap may be blocking the growth of the native heap
# Possible solutions:
#   Reduce memory load on the system
#   Increase physical memory or swap space
#   Check if swap backing store is full
#   Decrease Java heap size (-Xmx/-Xms)
#   Decrease number of Java threads
#   Decrease Java thread stack sizes (-Xss)
#   Set larger code cache with -XX:ReservedCodeCacheSize=
#   JVM is running with Unscaled Compressed Oops mode in which the Java heap is
#     placed in the first 4GB address space. The Java Heap base address is the
#     maximum limit for the native heap growth. Please use -XX:HeapBaseMinAddress
#     to set the Java Heap base and to place the Java Heap above 4GB virtual address.
# This output file may be truncated or incomplete.
#
#  Out of Memory Error (arena.cpp:191), pid=12592, tid=9636
#
# JRE version: OpenJDK Runtime Environment (17.0.10) (build 17.0.10+0--11609105)
# Java VM: OpenJDK 64-Bit Server VM (17.0.10+0--11609105, mixed mode, tiered, compressed oops, compressed class ptrs, g1 gc, windows-amd64)
# No core dump will be written. Minidumps are not enabled by default on client versions of Windows
#

---------------  S U M M A R Y ------------

Command Line: --add-opens=java.base/java.util=ALL-UNNAMED --add-opens=java.base/java.lang=ALL-UNNAMED --add-opens=java.base/java.lang.invoke=ALL-UNNAMED --add-opens=java.prefs/java.util.prefs=ALL-UNNAMED --add-opens=java.base/java.nio.charset=ALL-UNNAMED --add-opens=java.base/java.net=ALL-UNNAMED --add-opens=java.base/java.util.concurrent.atomic=ALL-UNNAMED -Xmx2048m -Dfile.encoding=UTF-8 -Duser.country=IN -Duser.language=en -Duser.variant -javaagent:C:\Users\admin\.gradle\wrapper\dists\gradle-8.7-bin\bhs2wmbdwecv87pi65oeuq5iu\gradle-8.7\lib\agents\gradle-instrumentation-agent-8.7.jar org.gradle.launcher.daemon.bootstrap.GradleDaemon 8.7

Host: Intel(R) Core(TM) i5-5200U CPU @ 2.20GHz, 4 cores, 7G,  Windows 10 , 64 bit Build 19041 (10.0.19041.4957)
Time: Wed Jan  1 22:53:43 2025 India Standard Time elapsed time: 22.159507 seconds (0d 0h 0m 22s)

---------------  T H R E A D  ---------------

Current thread (0x000002354a363840):  JavaThread "C2 CompilerThread1" daemon [_thread_in_native, id=9636, stack(0x000000d1bb000000,0x000000d1bb100000)]


Current CompileTask:
C2:  22159 7882       4       org.gradle.cache.internal.btree.FreeListBlockStore::read (12 bytes)

Stack: [0x000000d1bb000000,0x000000d1bb100000]
Native frames: (J=compiled Java code, j=interpreted, Vv=VM code, C=native code)
V  [jvm.dll+0x688de9]
V  [jvm.dll+0x8423da]
V  [jvm.dll+0x84401e]
V  [jvm.dll+0x844683]
V  [jvm.dll+0x24be0f]
V  [jvm.dll+0xac524]
V  [jvm.dll+0xacb6c]
V  [jvm.dll+0x2b396c]
V  [jvm.dll+0x5902b7]
V  [jvm.dll+0x226452]
V  [jvm.dll+0x22683f]
V  [jvm.dll+0x21f966]
V  [jvm.dll+0x21cdb1]
V  [jvm.dll+0x1a60ad]
V  [jvm.dll+0x22cd78]
V  [jvm.dll+0x22aeb0]
V  [jvm.dll+0x7f6877]
V  [jvm.dll+0x7f0c7a]
V  [jvm.dll+0x687c65]
C  [ucrtbase.dll+0x21bb2]
C  [KERNEL32.DLL+0x17374]
C  [ntdll.dll+0x4cc91]


---------------  P R O C E S S  ---------------

Threads class SMR info:
_java_thread_list=0x0000023548bbd010, length=40, elements={
0x0000023526f4f660, 0x0000023540558250, 0x0000023540521af0, 0x00000235405457e0,
0x00000235405463a0, 0x000002354055c8a0, 0x000002354055d260, 0x00000235406a67c0,
0x00000235406af0e0, 0x00000235406b4220, 0x00000235407dcd20, 0x0000023540967440,
0x00000235466729a0, 0x00000235466738d0, 0x0000023546672eb0, 0x00000235466733c0,
0x0000023546673de0, 0x0000023546671560, 0x00000235466742f0, 0x0000023546674800,
0x0000023546671050, 0x0000023546671a70, 0x0000023546672490, 0x00000235471f6060,
0x00000235471f9d20, 0x00000235471fb160, 0x00000235471fd4d0, 0x00000235471fc090,
0x00000235471fcfc0, 0x00000235471fc5a0, 0x00000235471f9300, 0x00000235471f6a80,
0x00000235471fbb80, 0x00000235471fcab0, 0x00000235471f6570, 0x00000235471f74a0,
0x00000235471f6f90, 0x00000235471fa740, 0x00000235471f7ec0, 0x000002354a363840
}

Java Threads: ( => current thread )
  0x0000023526f4f660 JavaThread "main" [_thread_blocked, id=15036, stack(0x000000d1b8d00000,0x000000d1b8e00000)]
  0x0000023540558250 JavaThread "Reference Handler" daemon [_thread_blocked, id=13712, stack(0x000000d1b9400000,0x000000d1b9500000)]
  0x0000023540521af0 JavaThread "Finalizer" daemon [_thread_blocked, id=2360, stack(0x000000d1b9500000,0x000000d1b9600000)]
  0x00000235405457e0 JavaThread "Signal Dispatcher" daemon [_thread_blocked, id=10212, stack(0x000000d1b9600000,0x000000d1b9700000)]
  0x00000235405463a0 JavaThread "Attach Listener" daemon [_thread_blocked, id=15404, stack(0x000000d1b9700000,0x000000d1b9800000)]
  0x000002354055c8a0 JavaThread "Service Thread" daemon [_thread_blocked, id=3056, stack(0x000000d1b9800000,0x000000d1b9900000)]
  0x000002354055d260 JavaThread "Monitor Deflation Thread" daemon [_thread_blocked, id=7332, stack(0x000000d1b9900000,0x000000d1b9a00000)]
  0x00000235406a67c0 JavaThread "C2 CompilerThread0" daemon [_thread_in_native, id=15924, stack(0x000000d1b9a00000,0x000000d1b9b00000)]
  0x00000235406af0e0 JavaThread "C1 CompilerThread0" daemon [_thread_blocked, id=16040, stack(0x000000d1b9b00000,0x000000d1b9c00000)]
  0x00000235406b4220 JavaThread "Sweeper thread" daemon [_thread_blocked, id=14940, stack(0x000000d1b9c00000,0x000000d1b9d00000)]
  0x00000235407dcd20 JavaThread "Common-Cleaner" daemon [_thread_blocked, id=8268, stack(0x000000d1b9d00000,0x000000d1b9e00000)]
  0x0000023540967440 JavaThread "Notification Thread" daemon [_thread_blocked, id=12492, stack(0x000000d1b9e00000,0x000000d1b9f00000)]
  0x00000235466729a0 JavaThread "Daemon health stats" [_thread_blocked, id=10608, stack(0x000000d1ba400000,0x000000d1ba500000)]
  0x00000235466738d0 JavaThread "Incoming local TCP Connector on port 56602" [_thread_in_native, id=14972, stack(0x000000d1ba000000,0x000000d1ba100000)]
  0x0000023546672eb0 JavaThread "Daemon periodic checks" [_thread_blocked, id=1672, stack(0x000000d1ba500000,0x000000d1ba600000)]
  0x00000235466733c0 JavaThread "Daemon" [_thread_blocked, id=13656, stack(0x000000d1ba600000,0x000000d1ba700000)]
  0x0000023546673de0 JavaThread "Handler for socket connection from /127.0.0.1:56602 to /127.0.0.1:56603" [_thread_in_native, id=14408, stack(0x000000d1ba700000,0x000000d1ba800000)]
  0x0000023546671560 JavaThread "Cancel handler" [_thread_blocked, id=14216, stack(0x000000d1ba800000,0x000000d1ba900000)]
  0x00000235466742f0 JavaThread "Daemon worker" [_thread_in_vm, id=14348, stack(0x000000d1ba900000,0x000000d1baa00000)]
  0x0000023546674800 JavaThread "Asynchronous log dispatcher for DefaultDaemonConnection: socket connection from /127.0.0.1:56602 to /127.0.0.1:56603" [_thread_in_vm, id=12704, stack(0x000000d1baa00000,0x000000d1bab00000)]
  0x0000023546671050 JavaThread "Stdin handler" [_thread_blocked, id=9256, stack(0x000000d1bab00000,0x000000d1bac00000)]
  0x0000023546671a70 JavaThread "Daemon client event forwarder" [_thread_blocked, id=15876, stack(0x000000d1bac00000,0x000000d1bad00000)]
  0x0000023546672490 JavaThread "Cache worker for journal cache (C:\Users\admin\.gradle\caches\journal-1)" [_thread_blocked, id=12716, stack(0x000000d1bad00000,0x000000d1bae00000)]
  0x00000235471f6060 JavaThread "File lock request listener" [_thread_in_native, id=12780, stack(0x000000d1bae00000,0x000000d1baf00000)]
  0x00000235471f9d20 JavaThread "Cache worker for file hash cache (C:\Users\admin\.gradle\caches\8.7\fileHashes)" [_thread_blocked, id=13584, stack(0x000000d1baf00000,0x000000d1bb000000)]
  0x00000235471fb160 JavaThread "Cache worker for file hash cache (C:\Users\admin\AndroidStudioProjects\MegaMart\.gradle\8.7\fileHashes)" [_thread_blocked, id=15228, stack(0x000000d1bb100000,0x000000d1bb200000)]
  0x00000235471fd4d0 JavaThread "Cache worker for checksums cache (C:\Users\admin\AndroidStudioProjects\MegaMart\.gradle\8.7\checksums)" [_thread_blocked, id=6136, stack(0x000000d1bb400000,0x000000d1bb500000)]
  0x00000235471fc090 JavaThread "Cache worker for cache directory md-supplier (C:\Users\admin\.gradle\caches\8.7\md-supplier)" [_thread_blocked, id=9236, stack(0x000000d1bb500000,0x000000d1bb600000)]
  0x00000235471fcfc0 JavaThread "Cache worker for cache directory md-rule (C:\Users\admin\.gradle\caches\8.7\md-rule)" [_thread_blocked, id=13788, stack(0x000000d1bb600000,0x000000d1bb700000)]
  0x00000235471fc5a0 JavaThread "Cache worker for file content cache (C:\Users\admin\.gradle\caches\8.7\fileContent)" [_thread_blocked, id=1200, stack(0x000000d1bb700000,0x000000d1bb800000)]
  0x00000235471f9300 JavaThread "Cache worker for Build Output Cleanup Cache (C:\Users\admin\AndroidStudioProjects\MegaMart\.gradle\buildOutputCleanup)" [_thread_blocked, id=15740, stack(0x000000d1bb900000,0x000000d1bba00000)]
  0x00000235471f6a80 JavaThread "Unconstrained build operations" [_thread_blocked, id=13644, stack(0x000000d1bba00000,0x000000d1bbb00000)]
  0x00000235471fbb80 JavaThread "Unconstrained build operations Thread 2" [_thread_blocked, id=9572, stack(0x000000d1bbb00000,0x000000d1bbc00000)]
  0x00000235471fcab0 JavaThread "Unconstrained build operations Thread 3" [_thread_blocked, id=2732, stack(0x000000d1bbc00000,0x000000d1bbd00000)]
  0x00000235471f6570 JavaThread "Unconstrained build operations Thread 4" [_thread_blocked, id=10576, stack(0x000000d1bbd00000,0x000000d1bbe00000)]
  0x00000235471f74a0 JavaThread "Unconstrained build operations Thread 5" [_thread_blocked, id=7584, stack(0x000000d1bbe00000,0x000000d1bbf00000)]
  0x00000235471f6f90 JavaThread "Unconstrained build operations Thread 6" [_thread_blocked, id=16028, stack(0x000000d1bbf00000,0x000000d1bc000000)]
  0x00000235471fa740 JavaThread "build event listener" [_thread_blocked, id=5748, stack(0x000000d1bc000000,0x000000d1bc100000)]
  0x00000235471f7ec0 JavaThread "Memory manager" [_thread_blocked, id=7912, stack(0x000000d1bc100000,0x000000d1bc200000)]
=>0x000002354a363840 JavaThread "C2 CompilerThread1" daemon [_thread_in_native, id=9636, stack(0x000000d1bb000000,0x000000d1bb100000)]

Other Threads:
  0x000002354051eeb0 VMThread "VM Thread" [stack: 0x000000d1b9300000,0x000000d1b9400000] [id=15492]
  0x00000235409137c0 WatcherThread [stack: 0x000000d1b9f00000,0x000000d1ba000000] [id=15700]
  0x0000023526faa340 GCTaskThread "GC Thread#0" [stack: 0x000000d1b8e00000,0x000000d1b8f00000] [id=13704]
  0x0000023540a75670 GCTaskThread "GC Thread#1" [stack: 0x000000d1ba100000,0x000000d1ba200000] [id=15612]
  0x00000235452ab290 GCTaskThread "GC Thread#2" [stack: 0x000000d1ba200000,0x000000d1ba300000] [id=13948]
  0x0000023545cbf650 GCTaskThread "GC Thread#3" [stack: 0x000000d1ba300000,0x000000d1ba400000] [id=10664]
  0x0000023526fbb290 ConcurrentGCThread "G1 Main Marker" [stack: 0x000000d1b8f00000,0x000000d1b9000000] [id=7572]
  0x0000023526fbcbf0 ConcurrentGCThread "G1 Conc#0" [stack: 0x000000d1b9000000,0x000000d1b9100000] [id=7976]
  0x000002352700dd30 ConcurrentGCThread "G1 Refine#0" [stack: 0x000000d1b9100000,0x000000d1b9200000] [id=7992]
  0x00000235467f7cf0 ConcurrentGCThread "G1 Refine#1" [stack: 0x000000d1bb800000,0x000000d1bb900000] [id=11092]
  0x000002352700e760 ConcurrentGCThread "G1 Service" [stack: 0x000000d1b9200000,0x000000d1b9300000] [id=15148]

Threads with active compile tasks:
C2 CompilerThread0    22201 7880       4       org.gradle.cache.internal.btree.CachingBlockStore::read (56 bytes)
C2 CompilerThread1    22201 7882       4       org.gradle.cache.internal.btree.FreeListBlockStore::read (12 bytes)

VM state: not at safepoint (normal execution)

VM Mutex/Monitor currently owned by a thread:  ([mutex/lock_event])
[0x0000023526f4ac80] Metaspace_lock - owner thread: 0x00000235466742f0

Heap address: 0x0000000080000000, size: 2048 MB, Compressed Oops mode: 32-bit

CDS archive(s) not mapped
Compressed class space mapped at: 0x0000000100000000-0x0000000140000000, reserved size: 1073741824
Narrow klass base: 0x0000000000000000, Narrow klass shift: 3, Narrow klass range: 0x140000000

GC Precious Log:
 CPUs: 4 total, 4 available
 Memory: 7900M
 Large Page Support: Disabled
 NUMA Support: Disabled
 Compressed Oops: Enabled (32-bit)
 Heap Region Size: 1M
 Heap Min Capacity: 8M
 Heap Initial Capacity: 124M
 Heap Max Capacity: 2G
 Pre-touch: Disabled
 Parallel Workers: 4
 Concurrent Workers: 1
 Concurrent Refinement Workers: 4
 Periodic GC: Disabled

Heap:
 garbage-first heap   total 159744K, used 99586K [0x0000000080000000, 0x0000000100000000)
  region size 1024K, 39 young (39936K), 3 survivors (3072K)
 Metaspace       used 76959K, committed 77568K, reserved 1179648K
  class space    used 10370K, committed 10688K, reserved 1048576K

Heap Regions: E=young(eden), S=young(survivor), O=old, HS=humongous(starts), HC=humongous(continues), CS=collection set, F=free, OA=open archive, CA=closed archive, TAMS=top-at-mark-start (previous, next)
|   0|0x0000000080000000, 0x0000000080100000, 0x0000000080100000|100%| O|  |TAMS 0x0000000080100000, 0x0000000080000000| Untracked 
|   1|0x0000000080100000, 0x0000000080200000, 0x0000000080200000|100%|HS|  |TAMS 0x0000000080200000, 0x0000000080100000| Complete 
|   2|0x0000000080200000, 0x0000000080300000, 0x0000000080300000|100%|HC|  |TAMS 0x0000000080300000, 0x0000000080200000| Complete 
|   3|0x0000000080300000, 0x0000000080400000, 0x0000000080400000|100%|HC|  |TAMS 0x0000000080400000, 0x0000000080300000| Complete 
|   4|0x0000000080400000, 0x0000000080500000, 0x0000000080500000|100%|HC|  |TAMS 0x0000000080500000, 0x0000000080400000| Complete 
|   5|0x0000000080500000, 0x0000000080600000, 0x0000000080600000|100%| O|  |TAMS 0x0000000080600000, 0x0000000080500000| Untracked 
|   6|0x0000000080600000, 0x0000000080700000, 0x0000000080700000|100%| O|  |TAMS 0x0000000080700000, 0x0000000080600000| Untracked 
|   7|0x0000000080700000, 0x0000000080800000, 0x0000000080800000|100%| O|  |TAMS 0x0000000080800000, 0x0000000080700000| Untracked 
|   8|0x0000000080800000, 0x0000000080900000, 0x0000000080900000|100%| O|  |TAMS 0x0000000080900000, 0x0000000080800000| Untracked 
|   9|0x0000000080900000, 0x0000000080a00000, 0x0000000080a00000|100%| O|  |TAMS 0x0000000080a00000, 0x0000000080900000| Untracked 
|  10|0x0000000080a00000, 0x0000000080b00000, 0x0000000080b00000|100%|HS|  |TAMS 0x0000000080a00000, 0x0000000080a00000| Complete 
|  11|0x0000000080b00000, 0x0000000080c00000, 0x0000000080c00000|100%| O|  |TAMS 0x0000000080c00000, 0x0000000080b00000| Untracked 
|  12|0x0000000080c00000, 0x0000000080d00000, 0x0000000080d00000|100%| O|  |TAMS 0x0000000080d00000, 0x0000000080c00000| Untracked 
|  13|0x0000000080d00000, 0x0000000080e00000, 0x0000000080e00000|100%| O|  |TAMS 0x0000000080e00000, 0x0000000080d00000| Untracked 
|  14|0x0000000080e00000, 0x0000000080f00000, 0x0000000080f00000|100%| O|  |TAMS 0x0000000080f00000, 0x0000000080e00000| Untracked 
|  15|0x0000000080f00000, 0x0000000081000000, 0x0000000081000000|100%| O|  |TAMS 0x0000000081000000, 0x0000000080f00000| Untracked 
|  16|0x0000000081000000, 0x0000000081100000, 0x0000000081100000|100%| O|  |TAMS 0x0000000081100000, 0x0000000081000000| Untracked 
|  17|0x0000000081100000, 0x0000000081200000, 0x0000000081200000|100%| O|  |TAMS 0x0000000081200000, 0x0000000081100000| Untracked 
|  18|0x0000000081200000, 0x0000000081300000, 0x0000000081300000|100%| O|  |TAMS 0x0000000081300000, 0x0000000081200000| Untracked 
|  19|0x0000000081300000, 0x0000000081400000, 0x0000000081400000|100%| O|  |TAMS 0x0000000081400000, 0x0000000081300000| Untracked 
|  20|0x0000000081400000, 0x0000000081500000, 0x0000000081500000|100%| O|  |TAMS 0x0000000081500000, 0x0000000081400000| Untracked 
|  21|0x0000000081500000, 0x0000000081600000, 0x0000000081600000|100%| O|  |TAMS 0x0000000081600000, 0x0000000081500000| Untracked 
|  22|0x0000000081600000, 0x0000000081700000, 0x0000000081700000|100%| O|  |TAMS 0x0000000081700000, 0x0000000081600000| Untracked 
|  23|0x0000000081700000, 0x0000000081800000, 0x0000000081800000|100%| O|  |TAMS 0x0000000081800000, 0x0000000081700000| Untracked 
|  24|0x0000000081800000, 0x0000000081900000, 0x0000000081900000|100%| O|  |TAMS 0x0000000081900000, 0x0000000081800000| Untracked 
|  25|0x0000000081900000, 0x0000000081a00000, 0x0000000081a00000|100%| O|  |TAMS 0x0000000081a00000, 0x0000000081900000| Untracked 
|  26|0x0000000081a00000, 0x0000000081b00000, 0x0000000081b00000|100%| O|  |TAMS 0x0000000081b00000, 0x0000000081a00000| Untracked 
|  27|0x0000000081b00000, 0x0000000081c00000, 0x0000000081c00000|100%| O|  |TAMS 0x0000000081c00000, 0x0000000081b00000| Untracked 
|  28|0x0000000081c00000, 0x0000000081d00000, 0x0000000081d00000|100%| O|  |TAMS 0x0000000081d00000, 0x0000000081c00000| Untracked 
|  29|0x0000000081d00000, 0x0000000081e00000, 0x0000000081e00000|100%| O|  |TAMS 0x0000000081e00000, 0x0000000081d00000| Untracked 
|  30|0x0000000081e00000, 0x0000000081f00000, 0x0000000081f00000|100%| O|  |TAMS 0x0000000081f00000, 0x0000000081e00000| Untracked 
|  31|0x0000000081f00000, 0x0000000082000000, 0x0000000082000000|100%| O|  |TAMS 0x0000000082000000, 0x0000000081f00000| Untracked 
|  32|0x0000000082000000, 0x0000000082100000, 0x0000000082100000|100%| O|  |TAMS 0x0000000082100000, 0x0000000082000000| Untracked 
|  33|0x0000000082100000, 0x0000000082200000, 0x0000000082200000|100%| O|  |TAMS 0x0000000082100000, 0x0000000082100000| Untracked 
|  34|0x0000000082200000, 0x0000000082300000, 0x0000000082300000|100%| O|  |TAMS 0x0000000082300000, 0x0000000082200000| Untracked 
|  35|0x0000000082300000, 0x0000000082400000, 0x0000000082400000|100%| O|  |TAMS 0x0000000082400000, 0x0000000082300000| Untracked 
|  36|0x0000000082400000, 0x0000000082500000, 0x0000000082500000|100%| O|  |TAMS 0x0000000082500000, 0x0000000082400000| Untracked 
|  37|0x0000000082500000, 0x0000000082600000, 0x0000000082600000|100%| O|  |TAMS 0x0000000082600000, 0x0000000082500000| Untracked 
|  38|0x0000000082600000, 0x0000000082700000, 0x0000000082700000|100%| O|  |TAMS 0x0000000082700000, 0x0000000082600000| Untracked 
|  39|0x0000000082700000, 0x0000000082800000, 0x0000000082800000|100%| O|  |TAMS 0x0000000082800000, 0x0000000082700000| Untracked 
|  40|0x0000000082800000, 0x0000000082900000, 0x0000000082900000|100%| O|  |TAMS 0x0000000082900000, 0x0000000082800000| Untracked 
|  41|0x0000000082900000, 0x0000000082a00000, 0x0000000082a00000|100%|HS|  |TAMS 0x0000000082a00000, 0x0000000082900000| Complete 
|  42|0x0000000082a00000, 0x0000000082b00000, 0x0000000082b00000|100%|HS|  |TAMS 0x0000000082b00000, 0x0000000082a00000| Complete 
|  43|0x0000000082b00000, 0x0000000082c00000, 0x0000000082c00000|100%|HS|  |TAMS 0x0000000082c00000, 0x0000000082b00000| Complete 
|  44|0x0000000082c00000, 0x0000000082d00000, 0x0000000082d00000|100%|HS|  |TAMS 0x0000000082d00000, 0x0000000082c00000| Complete 
|  45|0x0000000082d00000, 0x0000000082e00000, 0x0000000082e00000|100%| O|  |TAMS 0x0000000082e00000, 0x0000000082d00000| Untracked 
|  46|0x0000000082e00000, 0x0000000082f00000, 0x0000000082f00000|100%|HS|  |TAMS 0x0000000082f00000, 0x0000000082e00000| Complete 
|  47|0x0000000082f00000, 0x0000000083000000, 0x0000000083000000|100%| O|  |TAMS 0x0000000083000000, 0x0000000082f00000| Untracked 
|  48|0x0000000083000000, 0x0000000083100000, 0x0000000083100000|100%| O|  |TAMS 0x0000000083100000, 0x0000000083000000| Untracked 
|  49|0x0000000083100000, 0x0000000083200000, 0x0000000083200000|100%| O|  |TAMS 0x0000000083200000, 0x0000000083100000| Untracked 
|  50|0x0000000083200000, 0x0000000083300000, 0x0000000083300000|100%| O|  |TAMS 0x0000000083300000, 0x0000000083200000| Untracked 
|  51|0x0000000083300000, 0x0000000083400000, 0x0000000083400000|100%| O|  |TAMS 0x00000000833aba00, 0x0000000083300000| Untracked 
|  52|0x0000000083400000, 0x0000000083500000, 0x0000000083500000|100%| O|  |TAMS 0x0000000083400000, 0x0000000083400000| Untracked 
|  53|0x0000000083500000, 0x0000000083600000, 0x0000000083600000|100%| O|  |TAMS 0x0000000083500000, 0x0000000083500000| Untracked 
|  54|0x0000000083600000, 0x0000000083700000, 0x0000000083700000|100%| O|  |TAMS 0x0000000083600000, 0x0000000083600000| Untracked 
|  55|0x0000000083700000, 0x0000000083800000, 0x0000000083800000|100%| O|  |TAMS 0x0000000083700000, 0x0000000083700000| Untracked 
|  56|0x0000000083800000, 0x0000000083900000, 0x0000000083900000|100%|HS|  |TAMS 0x0000000083800000, 0x0000000083800000| Complete 
|  57|0x0000000083900000, 0x0000000083a00000, 0x0000000083a00000|100%| O|  |TAMS 0x0000000083900000, 0x0000000083900000| Untracked 
|  58|0x0000000083a00000, 0x0000000083b00000, 0x0000000083b00000|100%| O|  |TAMS 0x0000000083a00000, 0x0000000083a00000| Untracked 
|  59|0x0000000083b00000, 0x0000000083b85200, 0x0000000083c00000| 52%| O|  |TAMS 0x0000000083b00000, 0x0000000083b00000| Untracked 
|  60|0x0000000083c00000, 0x0000000083c00000, 0x0000000083d00000|  0%| F|  |TAMS 0x0000000083c00000, 0x0000000083c00000| Untracked 
|  61|0x0000000083d00000, 0x0000000083d00000, 0x0000000083e00000|  0%| F|  |TAMS 0x0000000083d00000, 0x0000000083d00000| Untracked 
|  62|0x0000000083e00000, 0x0000000083e00000, 0x0000000083f00000|  0%| F|  |TAMS 0x0000000083e00000, 0x0000000083e00000| Untracked 
|  63|0x0000000083f00000, 0x0000000083f00000, 0x0000000084000000|  0%| F|  |TAMS 0x0000000083f00000, 0x0000000083f00000| Untracked 
|  64|0x0000000084000000, 0x0000000084000000, 0x0000000084100000|  0%| F|  |TAMS 0x0000000084000000, 0x0000000084000000| Untracked 
|  65|0x0000000084100000, 0x0000000084100000, 0x0000000084200000|  0%| F|  |TAMS 0x0000000084100000, 0x0000000084100000| Untracked 
|  66|0x0000000084200000, 0x0000000084200000, 0x0000000084300000|  0%| F|  |TAMS 0x0000000084200000, 0x0000000084200000| Untracked 
|  67|0x0000000084300000, 0x0000000084300000, 0x0000000084400000|  0%| F|  |TAMS 0x0000000084300000, 0x0000000084300000| Untracked 
|  68|0x0000000084400000, 0x0000000084400000, 0x0000000084500000|  0%| F|  |TAMS 0x0000000084400000, 0x0000000084400000| Untracked 
|  69|0x0000000084500000, 0x0000000084500000, 0x0000000084600000|  0%| F|  |TAMS 0x0000000084500000, 0x0000000084500000| Untracked 
|  70|0x0000000084600000, 0x0000000084600000, 0x0000000084700000|  0%| F|  |TAMS 0x0000000084600000, 0x0000000084600000| Untracked 
|  71|0x0000000084700000, 0x0000000084700000, 0x0000000084800000|  0%| F|  |TAMS 0x0000000084700000, 0x0000000084700000| Untracked 
|  72|0x0000000084800000, 0x0000000084800000, 0x0000000084900000|  0%| F|  |TAMS 0x0000000084800000, 0x0000000084800000| Untracked 
|  73|0x0000000084900000, 0x0000000084900000, 0x0000000084a00000|  0%| F|  |TAMS 0x0000000084900000, 0x0000000084900000| Untracked 
|  74|0x0000000084a00000, 0x0000000084a00000, 0x0000000084b00000|  0%| F|  |TAMS 0x0000000084a00000, 0x0000000084a00000| Untracked 
|  75|0x0000000084b00000, 0x0000000084b00000, 0x0000000084c00000|  0%| F|  |TAMS 0x0000000084b00000, 0x0000000084b00000| Untracked 
|  76|0x0000000084c00000, 0x0000000084c00000, 0x0000000084d00000|  0%| F|  |TAMS 0x0000000084c00000, 0x0000000084c00000| Untracked 
|  77|0x0000000084d00000, 0x0000000084d00000, 0x0000000084e00000|  0%| F|  |TAMS 0x0000000084d00000, 0x0000000084d00000| Untracked 
|  78|0x0000000084e00000, 0x0000000084e00000, 0x0000000084f00000|  0%| F|  |TAMS 0x0000000084e00000, 0x0000000084e00000| Untracked 
|  79|0x0000000084f00000, 0x0000000084f00000, 0x0000000085000000|  0%| F|  |TAMS 0x0000000084f00000, 0x0000000084f00000| Untracked 
|  80|0x0000000085000000, 0x0000000085000000, 0x0000000085100000|  0%| F|  |TAMS 0x0000000085000000, 0x0000000085000000| Untracked 
|  81|0x0000000085100000, 0x0000000085100000, 0x0000000085200000|  0%| F|  |TAMS 0x0000000085100000, 0x0000000085100000| Untracked 
|  82|0x0000000085200000, 0x0000000085200000, 0x0000000085300000|  0%| F|  |TAMS 0x0000000085200000, 0x0000000085200000| Untracked 
|  83|0x0000000085300000, 0x0000000085300000, 0x0000000085400000|  0%| F|  |TAMS 0x0000000085300000, 0x0000000085300000| Untracked 
|  84|0x0000000085400000, 0x0000000085400000, 0x0000000085500000|  0%| F|  |TAMS 0x0000000085400000, 0x0000000085400000| Untracked 
|  85|0x0000000085500000, 0x0000000085500000, 0x0000000085600000|  0%| F|  |TAMS 0x0000000085500000, 0x0000000085500000| Untracked 
|  86|0x0000000085600000, 0x0000000085600000, 0x0000000085700000|  0%| F|  |TAMS 0x0000000085600000, 0x0000000085600000| Untracked 
|  87|0x0000000085700000, 0x0000000085700000, 0x0000000085800000|  0%| F|  |TAMS 0x0000000085700000, 0x0000000085700000| Untracked 
|  88|0x0000000085800000, 0x0000000085800000, 0x0000000085900000|  0%| F|  |TAMS 0x0000000085800000, 0x0000000085800000| Untracked 
|  89|0x0000000085900000, 0x0000000085900000, 0x0000000085a00000|  0%| F|  |TAMS 0x0000000085900000, 0x0000000085900000| Untracked 
|  90|0x0000000085a00000, 0x0000000085a00000, 0x0000000085b00000|  0%| F|  |TAMS 0x0000000085a00000, 0x0000000085a00000| Untracked 
|  91|0x0000000085b00000, 0x0000000085b00000, 0x0000000085c00000|  0%| F|  |TAMS 0x0000000085b00000, 0x0000000085b00000| Untracked 
|  92|0x0000000085c00000, 0x0000000085c00000, 0x0000000085d00000|  0%| F|  |TAMS 0x0000000085c00000, 0x0000000085c00000| Untracked 
|  93|0x0000000085d00000, 0x0000000085d00000, 0x0000000085e00000|  0%| F|  |TAMS 0x0000000085d00000, 0x0000000085d00000| Untracked 
|  94|0x0000000085e00000, 0x0000000085e00000, 0x0000000085f00000|  0%| F|  |TAMS 0x0000000085e00000, 0x0000000085e00000| Untracked 
|  95|0x0000000085f00000, 0x0000000085f00000, 0x0000000086000000|  0%| F|  |TAMS 0x0000000085f00000, 0x0000000085f00000| Untracked 
|  96|0x0000000086000000, 0x0000000086000000, 0x0000000086100000|  0%| F|  |TAMS 0x0000000086000000, 0x0000000086000000| Untracked 
|  97|0x0000000086100000, 0x0000000086100000, 0x0000000086200000|  0%| F|  |TAMS 0x0000000086100000, 0x0000000086100000| Untracked 
|  98|0x0000000086200000, 0x0000000086200000, 0x0000000086300000|  0%| F|  |TAMS 0x0000000086200000, 0x0000000086200000| Untracked 
|  99|0x0000000086300000, 0x00000000863bb878, 0x0000000086400000| 73%| S|CS|TAMS 0x0000000086300000, 0x0000000086300000| Complete 
| 100|0x0000000086400000, 0x0000000086500000, 0x0000000086500000|100%| S|CS|TAMS 0x0000000086400000, 0x0000000086400000| Complete 
| 101|0x0000000086500000, 0x0000000086600000, 0x0000000086600000|100%| S|CS|TAMS 0x0000000086500000, 0x0000000086500000| Complete 
| 102|0x0000000086600000, 0x0000000086600000, 0x0000000086700000|  0%| F|  |TAMS 0x0000000086600000, 0x0000000086600000| Untracked 
| 103|0x0000000086700000, 0x0000000086700000, 0x0000000086800000|  0%| F|  |TAMS 0x0000000086700000, 0x0000000086700000| Untracked 
| 104|0x0000000086800000, 0x0000000086800000, 0x0000000086900000|  0%| F|  |TAMS 0x0000000086800000, 0x0000000086800000| Untracked 
| 105|0x0000000086900000, 0x0000000086900000, 0x0000000086a00000|  0%| F|  |TAMS 0x0000000086900000, 0x0000000086900000| Untracked 
| 106|0x0000000086a00000, 0x0000000086a00000, 0x0000000086b00000|  0%| F|  |TAMS 0x0000000086a00000, 0x0000000086a00000| Untracked 
| 107|0x0000000086b00000, 0x0000000086b00000, 0x0000000086c00000|  0%| F|  |TAMS 0x0000000086b00000, 0x0000000086b00000| Untracked 
| 108|0x0000000086c00000, 0x0000000086c00000, 0x0000000086d00000|  0%| F|  |TAMS 0x0000000086c00000, 0x0000000086c00000| Untracked 
| 109|0x0000000086d00000, 0x0000000086d00000, 0x0000000086e00000|  0%| F|  |TAMS 0x0000000086d00000, 0x0000000086d00000| Untracked 
| 110|0x0000000086e00000, 0x0000000086e00000, 0x0000000086f00000|  0%| F|  |TAMS 0x0000000086e00000, 0x0000000086e00000| Untracked 
| 111|0x0000000086f00000, 0x0000000086f00000, 0x0000000087000000|  0%| F|  |TAMS 0x0000000086f00000, 0x0000000086f00000| Untracked 
| 112|0x0000000087000000, 0x0000000087000000, 0x0000000087100000|  0%| F|  |TAMS 0x0000000087000000, 0x0000000087000000| Untracked 
| 113|0x0000000087100000, 0x0000000087100000, 0x0000000087200000|  0%| F|  |TAMS 0x0000000087100000, 0x0000000087100000| Untracked 
| 114|0x0000000087200000, 0x0000000087200000, 0x0000000087300000|  0%| F|  |TAMS 0x0000000087200000, 0x0000000087200000| Untracked 
| 115|0x0000000087300000, 0x0000000087300000, 0x0000000087400000|  0%| F|  |TAMS 0x0000000087300000, 0x0000000087300000| Untracked 
| 116|0x0000000087400000, 0x0000000087400000, 0x0000000087500000|  0%| F|  |TAMS 0x0000000087400000, 0x0000000087400000| Untracked 
| 117|0x0000000087500000, 0x0000000087500000, 0x0000000087600000|  0%| F|  |TAMS 0x0000000087500000, 0x0000000087500000| Untracked 
| 118|0x0000000087600000, 0x0000000087600000, 0x0000000087700000|  0%| F|  |TAMS 0x0000000087600000, 0x0000000087600000| Untracked 
| 119|0x0000000087700000, 0x0000000087700000, 0x0000000087800000|  0%| F|  |TAMS 0x0000000087700000, 0x0000000087700000| Untracked 
| 120|0x0000000087800000, 0x0000000087821410, 0x0000000087900000| 12%| E|  |TAMS 0x0000000087800000, 0x0000000087800000| Complete 
| 121|0x0000000087900000, 0x0000000087a00000, 0x0000000087a00000|100%| E|CS|TAMS 0x0000000087900000, 0x0000000087900000| Complete 
| 122|0x0000000087a00000, 0x0000000087b00000, 0x0000000087b00000|100%| E|CS|TAMS 0x0000000087a00000, 0x0000000087a00000| Complete 
| 123|0x0000000087b00000, 0x0000000087c00000, 0x0000000087c00000|100%| E|CS|TAMS 0x0000000087b00000, 0x0000000087b00000| Complete 
| 124|0x0000000087c00000, 0x0000000087d00000, 0x0000000087d00000|100%| E|CS|TAMS 0x0000000087c00000, 0x0000000087c00000| Complete 
| 125|0x0000000087d00000, 0x0000000087e00000, 0x0000000087e00000|100%| E|CS|TAMS 0x0000000087d00000, 0x0000000087d00000| Complete 
| 126|0x0000000087e00000, 0x0000000087f00000, 0x0000000087f00000|100%| E|CS|TAMS 0x0000000087e00000, 0x0000000087e00000| Complete 
| 127|0x0000000087f00000, 0x0000000088000000, 0x0000000088000000|100%| E|CS|TAMS 0x0000000087f00000, 0x0000000087f00000| Complete 
| 128|0x0000000088000000, 0x0000000088100000, 0x0000000088100000|100%| E|CS|TAMS 0x0000000088000000, 0x0000000088000000| Complete 
| 129|0x0000000088100000, 0x0000000088200000, 0x0000000088200000|100%| E|CS|TAMS 0x0000000088100000, 0x0000000088100000| Complete 
| 130|0x0000000088200000, 0x0000000088300000, 0x0000000088300000|100%| E|CS|TAMS 0x0000000088200000, 0x0000000088200000| Complete 
| 131|0x0000000088300000, 0x0000000088400000, 0x0000000088400000|100%| E|CS|TAMS 0x0000000088300000, 0x0000000088300000| Complete 
| 132|0x0000000088400000, 0x0000000088500000, 0x0000000088500000|100%| E|CS|TAMS 0x0000000088400000, 0x0000000088400000| Complete 
| 133|0x0000000088500000, 0x0000000088600000, 0x0000000088600000|100%| E|CS|TAMS 0x0000000088500000, 0x0000000088500000| Complete 
| 134|0x0000000088600000, 0x0000000088700000, 0x0000000088700000|100%| E|CS|TAMS 0x0000000088600000, 0x0000000088600000| Complete 
| 135|0x0000000088700000, 0x0000000088800000, 0x0000000088800000|100%| E|CS|TAMS 0x0000000088700000, 0x0000000088700000| Complete 
| 136|0x0000000088800000, 0x0000000088900000, 0x0000000088900000|100%| E|CS|TAMS 0x0000000088800000, 0x0000000088800000| Complete 
| 137|0x0000000088900000, 0x0000000088a00000, 0x0000000088a00000|100%| E|CS|TAMS 0x0000000088900000, 0x0000000088900000| Complete 
| 138|0x0000000088a00000, 0x0000000088b00000, 0x0000000088b00000|100%| E|CS|TAMS 0x0000000088a00000, 0x0000000088a00000| Complete 
| 139|0x0000000088b00000, 0x0000000088c00000, 0x0000000088c00000|100%| E|CS|TAMS 0x0000000088b00000, 0x0000000088b00000| Complete 
| 140|0x0000000088c00000, 0x0000000088d00000, 0x0000000088d00000|100%| E|CS|TAMS 0x0000000088c00000, 0x0000000088c00000| Complete 
| 141|0x0000000088d00000, 0x0000000088e00000, 0x0000000088e00000|100%| E|CS|TAMS 0x0000000088d00000, 0x0000000088d00000| Complete 
| 142|0x0000000088e00000, 0x0000000088f00000, 0x0000000088f00000|100%| E|CS|TAMS 0x0000000088e00000, 0x0000000088e00000| Complete 
| 143|0x0000000088f00000, 0x0000000089000000, 0x0000000089000000|100%| E|CS|TAMS 0x0000000088f00000, 0x0000000088f00000| Complete 
| 144|0x0000000089000000, 0x0000000089100000, 0x0000000089100000|100%| E|CS|TAMS 0x0000000089000000, 0x0000000089000000| Complete 
| 145|0x0000000089100000, 0x0000000089200000, 0x0000000089200000|100%| E|CS|TAMS 0x0000000089100000, 0x0000000089100000| Complete 
| 146|0x0000000089200000, 0x0000000089300000, 0x0000000089300000|100%| E|CS|TAMS 0x0000000089200000, 0x0000000089200000| Complete 
| 147|0x0000000089300000, 0x0000000089400000, 0x0000000089400000|100%| E|CS|TAMS 0x0000000089300000, 0x0000000089300000| Complete 
| 148|0x0000000089400000, 0x0000000089500000, 0x0000000089500000|100%| E|CS|TAMS 0x0000000089400000, 0x0000000089400000| Complete 
| 149|0x0000000089500000, 0x0000000089600000, 0x0000000089600000|100%| E|CS|TAMS 0x0000000089500000, 0x0000000089500000| Complete 
| 150|0x0000000089600000, 0x0000000089700000, 0x0000000089700000|100%| E|CS|TAMS 0x0000000089600000, 0x0000000089600000| Complete 
| 151|0x0000000089700000, 0x0000000089800000, 0x0000000089800000|100%| E|CS|TAMS 0x0000000089700000, 0x0000000089700000| Complete 
| 152|0x0000000089800000, 0x0000000089900000, 0x0000000089900000|100%| E|CS|TAMS 0x0000000089800000, 0x0000000089800000| Complete 
| 153|0x0000000089900000, 0x0000000089a00000, 0x0000000089a00000|100%| E|CS|TAMS 0x0000000089900000, 0x0000000089900000| Complete 
| 154|0x0000000089a00000, 0x0000000089b00000, 0x0000000089b00000|100%| E|CS|TAMS 0x0000000089a00000, 0x0000000089a00000| Complete 
| 155|0x0000000089b00000, 0x0000000089c00000, 0x0000000089c00000|100%| E|CS|TAMS 0x0000000089b00000, 0x0000000089b00000| Complete 

Card table byte_map: [0x0000023539830000,0x0000023539c30000] _byte_map_base: 0x0000023539430000

Marking Bits (Prev, Next): (CMBitMap*) 0x0000023526faa960, (CMBitMap*) 0x0000023526faa9a0
 Prev Bits: [0x000002353a030000, 0x000002353c030000)
 Next Bits: [0x000002353c030000, 0x000002353e030000)

Polling page: 0x0000023524e70000

Metaspace:

Usage:
  Non-class:     65.03 MB used.
      Class:     10.13 MB used.
       Both:     75.16 MB used.

Virtual space:
  Non-class space:      128.00 MB reserved,      65.31 MB ( 51%) committed,  2 nodes.
      Class space:        1.00 GB reserved,      10.44 MB (  1%) committed,  1 nodes.
             Both:        1.12 GB reserved,      75.75 MB (  7%) committed. 

Chunk freelists:
   Non-Class:  14.12 MB
       Class:  5.48 MB
        Both:  19.61 MB

MaxMetaspaceSize: unlimited
CompressedClassSpaceSize: 1.00 GB
Initial GC threshold: 21.00 MB
Current GC threshold: 96.25 MB
CDS: off
MetaspaceReclaimPolicy: balanced
 - commit_granule_bytes: 65536.
 - commit_granule_words: 8192.
 - virtual_space_node_default_size: 8388608.
 - enlarge_chunks_in_place: 1.
 - new_chunks_are_fully_committed: 0.
 - uncommit_free_chunks: 1.
 - use_allocation_guard: 0.
 - handle_deallocations: 1.


Internal statistics:

num_allocs_failed_limit: 6.
num_arena_births: 800.
num_arena_deaths: 0.
num_vsnodes_births: 3.
num_vsnodes_deaths: 0.
num_space_committed: 1212.
num_space_uncommitted: 0.
num_chunks_returned_to_freelist: 6.
num_chunks_taken_from_freelist: 3538.
num_chunk_merges: 6.
num_chunk_splits: 2357.
num_chunks_enlarged: 1604.
num_inconsistent_stats: 0.

CodeHeap 'non-profiled nmethods': size=120000Kb used=3943Kb max_used=3943Kb free=116056Kb
 bounds [0x0000023531f00000, 0x00000235322e0000, 0x0000023539430000]
CodeHeap 'profiled nmethods': size=120000Kb used=13576Kb max_used=13576Kb free=106423Kb
 bounds [0x000002352a430000, 0x000002352b180000, 0x0000023531960000]
CodeHeap 'non-nmethods': size=5760Kb used=1667Kb max_used=1722Kb free=4092Kb
 bounds [0x0000023531960000, 0x0000023531bd0000, 0x0000023531f00000]
 total_blobs=7914 nmethods=7164 adapters=662
 compilation: enabled
              stopped_count=0, restarted_count=0
 full_count=0

Compilation events (20 events):
Event: 22.122 Thread 0x00000235406af0e0 7897       1       org.gradle.internal.fingerprint.impl.DefaultFileSystemLocationFingerprint::getNormalizedPath (5 bytes)
Event: 22.123 Thread 0x00000235406af0e0 nmethod 7897 0x00000235322d8e10 code [0x00000235322d8fa0, 0x00000235322d9078]
Event: 22.123 Thread 0x00000235406af0e0 7898       1       org.gradle.internal.fingerprint.impl.DefaultFileSystemLocationFingerprint::getNormalizedContentHash (5 bytes)
Event: 22.123 Thread 0x00000235406af0e0 nmethod 7898 0x00000235322d9110 code [0x00000235322d92a0, 0x00000235322d9378]
Event: 22.123 Thread 0x00000235406af0e0 7899       3       org.gradle.internal.fingerprint.impl.DefaultFileSystemLocationFingerprint::appendToHasher (21 bytes)
Event: 22.125 Thread 0x00000235406af0e0 nmethod 7899 0x000002352b15ab90 code [0x000002352b15ae80, 0x000002352b15bee8]
Event: 22.125 Thread 0x00000235406af0e0 7900       3       com.google.common.cache.AbstractCache$SimpleStatsCounter::recordHits (12 bytes)
Event: 22.126 Thread 0x00000235406af0e0 nmethod 7900 0x000002352b15c610 code [0x000002352b15c7c0, 0x000002352b15c948]
Event: 22.127 Thread 0x00000235406af0e0 7901       3       org.gradle.internal.fingerprint.impl.DefaultFileSystemLocationFingerprint::hashForType (73 bytes)
Event: 22.128 Thread 0x00000235406af0e0 nmethod 7901 0x000002352b15ca90 code [0x000002352b15cd00, 0x000002352b15d618]
Event: 22.128 Thread 0x00000235406af0e0 7902       3       org.gradle.api.internal.changedetection.state.CachingResourceHasher::hash (19 bytes)
Event: 22.128 Thread 0x00000235406af0e0 nmethod 7902 0x000002352b15d990 code [0x000002352b15db40, 0x000002352b15dd28]
Event: 22.150 Thread 0x00000235406af0e0 7904       3       com.google.common.collect.ImmutableSortedMap::access$100 (8 bytes)
Event: 22.150 Thread 0x00000235406af0e0 nmethod 7904 0x000002352b15de10 code [0x000002352b15dfa0, 0x000002352b15e0a8]
Event: 22.150 Thread 0x00000235406af0e0 7905       3       com.google.common.collect.ImmutableSortedMap::fromEntries (353 bytes)
Event: 22.155 Thread 0x00000235406af0e0 nmethod 7905 0x000002352b15e190 code [0x000002352b15e7e0, 0x000002352b162ae8]
Event: 22.155 Thread 0x00000235406af0e0 7906       3       com.google.common.collect.ImmutableSortedMap$$Lambda$553/0x00000001005c0a90::<init> (10 bytes)
Event: 22.155 Thread 0x00000235406af0e0 nmethod 7906 0x000002352b164110 code [0x000002352b1642a0, 0x000002352b164458]
Event: 22.155 Thread 0x00000235406af0e0 7907       3       org.gradle.internal.serialize.BaseSerializerFactory$FileSerializer::write (10 bytes)
Event: 22.156 Thread 0x00000235406af0e0 nmethod 7907 0x000002352b164510 code [0x000002352b1646c0, 0x000002352b164a28]

GC Heap History (20 events):
Event: 15.965 GC heap before
{Heap before GC invocations=20 (full 0):
 garbage-first heap   total 82944K, used 63958K [0x0000000080000000, 0x0000000100000000)
  region size 1024K, 29 young (29696K), 3 survivors (3072K)
 Metaspace       used 56686K, committed 57216K, reserved 1114112K
  class space    used 7767K, committed 8000K, reserved 1048576K
}
Event: 15.976 GC heap after
{Heap after GC invocations=21 (full 0):
 garbage-first heap   total 82944K, used 40847K [0x0000000080000000, 0x0000000100000000)
  region size 1024K, 4 young (4096K), 4 survivors (4096K)
 Metaspace       used 56686K, committed 57216K, reserved 1114112K
  class space    used 7767K, committed 8000K, reserved 1048576K
}
Event: 16.098 GC heap before
{Heap before GC invocations=21 (full 0):
 garbage-first heap   total 82944K, used 42895K [0x0000000080000000, 0x0000000100000000)
  region size 1024K, 7 young (7168K), 4 survivors (4096K)
 Metaspace       used 56752K, committed 57344K, reserved 1114112K
  class space    used 7772K, committed 8064K, reserved 1048576K
}
Event: 16.105 GC heap after
{Heap after GC invocations=22 (full 0):
 garbage-first heap   total 82944K, used 41673K [0x0000000080000000, 0x0000000100000000)
  region size 1024K, 1 young (1024K), 1 survivors (1024K)
 Metaspace       used 56752K, committed 57344K, reserved 1114112K
  class space    used 7772K, committed 8064K, reserved 1048576K
}
Event: 16.663 GC heap before
{Heap before GC invocations=23 (full 0):
 garbage-first heap   total 82944K, used 70345K [0x0000000080000000, 0x0000000100000000)
  region size 1024K, 24 young (24576K), 1 survivors (1024K)
 Metaspace       used 58120K, committed 58688K, reserved 1114112K
  class space    used 7976K, committed 8256K, reserved 1048576K
}
Event: 16.668 GC heap after
{Heap after GC invocations=24 (full 0):
 garbage-first heap   total 82944K, used 52181K [0x0000000080000000, 0x0000000100000000)
  region size 1024K, 3 young (3072K), 3 survivors (3072K)
 Metaspace       used 58120K, committed 58688K, reserved 1114112K
  class space    used 7976K, committed 8256K, reserved 1048576K
}
Event: 16.678 GC heap before
{Heap before GC invocations=24 (full 0):
 garbage-first heap   total 82944K, used 52181K [0x0000000080000000, 0x0000000100000000)
  region size 1024K, 4 young (4096K), 3 survivors (3072K)
 Metaspace       used 58160K, committed 58752K, reserved 1114112K
  class space    used 7981K, committed 8256K, reserved 1048576K
}
Event: 16.680 GC heap after
{Heap after GC invocations=25 (full 0):
 garbage-first heap   total 82944K, used 52044K [0x0000000080000000, 0x0000000100000000)
  region size 1024K, 1 young (1024K), 1 survivors (1024K)
 Metaspace       used 58160K, committed 58752K, reserved 1114112K
  class space    used 7981K, committed 8256K, reserved 1048576K
}
Event: 16.704 GC heap before
{Heap before GC invocations=25 (full 0):
 garbage-first heap   total 82944K, used 54092K [0x0000000080000000, 0x0000000100000000)
  region size 1024K, 4 young (4096K), 1 survivors (1024K)
 Metaspace       used 58304K, committed 58880K, reserved 1114112K
  class space    used 7993K, committed 8256K, reserved 1048576K
}
Event: 16.706 GC heap after
{Heap after GC invocations=26 (full 0):
 garbage-first heap   total 82944K, used 52506K [0x0000000080000000, 0x0000000100000000)
  region size 1024K, 1 young (1024K), 1 survivors (1024K)
 Metaspace       used 58304K, committed 58880K, reserved 1114112K
  class space    used 7993K, committed 8256K, reserved 1048576K
}
Event: 17.024 GC heap before
{Heap before GC invocations=27 (full 0):
 garbage-first heap   total 97280K, used 65818K [0x0000000080000000, 0x0000000100000000)
  region size 1024K, 13 young (13312K), 1 survivors (1024K)
 Metaspace       used 59244K, committed 59840K, reserved 1114112K
  class space    used 8117K, committed 8384K, reserved 1048576K
}
Event: 17.027 GC heap after
{Heap after GC invocations=28 (full 0):
 garbage-first heap   total 97280K, used 53862K [0x0000000080000000, 0x0000000100000000)
  region size 1024K, 1 young (1024K), 1 survivors (1024K)
 Metaspace       used 59244K, committed 59840K, reserved 1114112K
  class space    used 8117K, committed 8384K, reserved 1048576K
}
Event: 17.105 GC heap before
{Heap before GC invocations=28 (full 0):
 garbage-first heap   total 97280K, used 56934K [0x0000000080000000, 0x0000000100000000)
  region size 1024K, 4 young (4096K), 1 survivors (1024K)
 Metaspace       used 59495K, committed 60096K, reserved 1114112K
  class space    used 8151K, committed 8448K, reserved 1048576K
}
Event: 17.111 GC heap after
{Heap after GC invocations=29 (full 0):
 garbage-first heap   total 159744K, used 53629K [0x0000000080000000, 0x0000000100000000)
  region size 1024K, 1 young (1024K), 1 survivors (1024K)
 Metaspace       used 59495K, committed 60096K, reserved 1114112K
  class space    used 8151K, committed 8448K, reserved 1048576K
}
Event: 18.424 GC heap before
{Heap before GC invocations=29 (full 0):
 garbage-first heap   total 159744K, used 104829K [0x0000000080000000, 0x0000000100000000)
  region size 1024K, 51 young (52224K), 1 survivors (1024K)
 Metaspace       used 64779K, committed 65344K, reserved 1114112K
  class space    used 8708K, committed 8960K, reserved 1048576K
}
Event: 18.430 GC heap after
{Heap after GC invocations=30 (full 0):
 garbage-first heap   total 159744K, used 54958K [0x0000000080000000, 0x0000000100000000)
  region size 1024K, 2 young (2048K), 2 survivors (2048K)
 Metaspace       used 64779K, committed 65344K, reserved 1114112K
  class space    used 8708K, committed 8960K, reserved 1048576K
}
Event: 19.974 GC heap before
{Heap before GC invocations=30 (full 0):
 garbage-first heap   total 159744K, used 117422K [0x0000000080000000, 0x0000000100000000)
  region size 1024K, 58 young (59392K), 2 survivors (2048K)
 Metaspace       used 69892K, committed 70528K, reserved 1114112K
  class space    used 9414K, committed 9728K, reserved 1048576K
}
Event: 19.985 GC heap after
{Heap after GC invocations=31 (full 0):
 garbage-first heap   total 159744K, used 61027K [0x0000000080000000, 0x0000000100000000)
  region size 1024K, 7 young (7168K), 7 survivors (7168K)
 Metaspace       used 69892K, committed 70528K, reserved 1114112K
  class space    used 9414K, committed 9728K, reserved 1048576K
}
Event: 21.347 GC heap before
{Heap before GC invocations=31 (full 0):
 garbage-first heap   total 159744K, used 115299K [0x0000000080000000, 0x0000000100000000)
  region size 1024K, 61 young (62464K), 7 survivors (7168K)
 Metaspace       used 74583K, committed 75200K, reserved 1114112K
  class space    used 10061K, committed 10368K, reserved 1048576K
}
Event: 21.359 GC heap after
{Heap after GC invocations=32 (full 0):
 garbage-first heap   total 159744K, used 63746K [0x0000000080000000, 0x0000000100000000)
  region size 1024K, 3 young (3072K), 3 survivors (3072K)
 Metaspace       used 74583K, committed 75200K, reserved 1114112K
  class space    used 10061K, committed 10368K, reserved 1048576K
}

Dll operation events (3 events):
Event: 0.017 Loaded shared library C:\Program Files\Android\Android Studio1\jbr\bin\java.dll
Event: 0.267 Loaded shared library C:\Program Files\Android\Android Studio1\jbr\bin\zip.dll
Event: 0.945 Loaded shared library C:\Program Files\Android\Android Studio1\jbr\bin\verify.dll

Deoptimization events (20 events):
Event: 20.787 Thread 0x00000235466742f0 Uncommon trap: trap_request=0xffffff45 fr.pc=0x000002353222fe28 relative=0x0000000000000128
Event: 20.787 Thread 0x00000235466742f0 Uncommon trap: reason=unstable_if action=reinterpret pc=0x000002353222fe28 method=org.objectweb.asm.ByteVector.putByteArray([BII)Lorg/objectweb/asm/ByteVector; @ 20 c2
Event: 20.787 Thread 0x00000235466742f0 DEOPT PACKING pc=0x000002353222fe28 sp=0x000000d1ba9f5020
Event: 20.787 Thread 0x00000235466742f0 DEOPT UNPACKING pc=0x00000235319b69a3 sp=0x000000d1ba9f4ff0 mode 2
Event: 20.787 Thread 0x00000235466742f0 Uncommon trap: trap_request=0xffffff45 fr.pc=0x0000023531fc3a2c relative=0x00000000000009ec
Event: 20.787 Thread 0x00000235466742f0 Uncommon trap: reason=unstable_if action=reinterpret pc=0x0000023531fc3a2c method=org.objectweb.asm.Label.resolve([BLorg/objectweb/asm/ByteVector;I)Z @ 81 c2
Event: 20.787 Thread 0x00000235466742f0 DEOPT PACKING pc=0x0000023531fc3a2c sp=0x000000d1ba9f5050
Event: 20.787 Thread 0x00000235466742f0 DEOPT UNPACKING pc=0x00000235319b69a3 sp=0x000000d1ba9f4f78 mode 2
Event: 20.787 Thread 0x00000235466742f0 Uncommon trap: trap_request=0xffffff45 fr.pc=0x0000023532146cec relative=0x000000000000024c
Event: 20.787 Thread 0x00000235466742f0 Uncommon trap: reason=unstable_if action=reinterpret pc=0x0000023532146cec method=org.objectweb.asm.Label.resolve([BLorg/objectweb/asm/ByteVector;I)Z @ 81 c2
Event: 20.787 Thread 0x00000235466742f0 DEOPT PACKING pc=0x0000023532146cec sp=0x000000d1ba9f4fd0
Event: 20.787 Thread 0x00000235466742f0 DEOPT UNPACKING pc=0x00000235319b69a3 sp=0x000000d1ba9f4f60 mode 2
Event: 21.304 Thread 0x00000235466742f0 Uncommon trap: trap_request=0xffffff45 fr.pc=0x0000023531f3df60 relative=0x0000000000000620
Event: 21.304 Thread 0x00000235466742f0 Uncommon trap: reason=unstable_if action=reinterpret pc=0x0000023531f3df60 method=java.lang.AbstractStringBuilder.append(Ljava/lang/String;)Ljava/lang/AbstractStringBuilder; @ 1 c2
Event: 21.304 Thread 0x00000235466742f0 DEOPT PACKING pc=0x0000023531f3df60 sp=0x000000d1ba9f8120
Event: 21.304 Thread 0x00000235466742f0 DEOPT UNPACKING pc=0x00000235319b69a3 sp=0x000000d1ba9f80a0 mode 2
Event: 21.543 Thread 0x00000235466742f0 Uncommon trap: trap_request=0xffffff45 fr.pc=0x0000023531f3eef0 relative=0x0000000000000630
Event: 21.543 Thread 0x00000235466742f0 Uncommon trap: reason=unstable_if action=reinterpret pc=0x0000023531f3eef0 method=java.lang.AbstractStringBuilder.append(Ljava/lang/String;)Ljava/lang/AbstractStringBuilder; @ 1 c2
Event: 21.543 Thread 0x00000235466742f0 DEOPT PACKING pc=0x0000023531f3eef0 sp=0x000000d1ba9f8700
Event: 21.543 Thread 0x00000235466742f0 DEOPT UNPACKING pc=0x00000235319b69a3 sp=0x000000d1ba9f86e8 mode 2

Classes unloaded (0 events):
No events

Classes redefined (0 events):
No events

Internal exceptions (20 events):
Event: 15.923 Thread 0x0000023546671a70 Exception <a 'java/lang/NoSuchMethodError'{0x00000000839eaa48}: static Lorg/gradle/internal/build/event/types/DefaultOperationFinishedProgressEvent;.<clinit>()V> (0x00000000839eaa48) 
thrown [s\src\hotspot\share\prims\jni.cpp, line 1108]
Event: 15.938 Thread 0x0000023546671a70 Exception <a 'java/lang/NoSuchMethodError'{0x00000000838e0218}: static Lorg/gradle/internal/build/event/types/DefaultProjectConfigurationSuccessResult;.<clinit>()V> (0x00000000838e0218) 
thrown [s\src\hotspot\share\prims\jni.cpp, line 1108]
Event: 15.939 Thread 0x0000023546671a70 Exception <a 'java/lang/NoSuchMethodError'{0x00000000838e4bf8}: static Lorg/gradle/internal/build/event/types/AbstractProjectConfigurationResult;.<clinit>()V> (0x00000000838e4bf8) 
thrown [s\src\hotspot\share\prims\jni.cpp, line 1108]
Event: 15.939 Thread 0x0000023546671a70 Exception <a 'java/lang/NoSuchMethodError'{0x00000000838ef7c8}: static Lorg/gradle/internal/build/event/types/AbstractOperationResult;.<clinit>()V> (0x00000000838ef7c8) 
thrown [s\src\hotspot\share\prims\jni.cpp, line 1108]
Event: 15.939 Thread 0x0000023546671a70 Exception <a 'java/lang/NoSuchMethodError'{0x00000000838f0c18}: static Lorg/gradle/internal/build/event/types/AbstractResult;.<clinit>()V> (0x00000000838f0c18) 
thrown [s\src\hotspot\share\prims\jni.cpp, line 1108]
Event: 15.942 Thread 0x0000023546671a70 Exception <a 'java/lang/NoSuchMethodError'{0x0000000083712d38}: static Lorg/gradle/internal/build/event/types/DefaultPluginApplicationResult;.<clinit>()V> (0x0000000083712d38) 
thrown [s\src\hotspot\share\prims\jni.cpp, line 1108]
Event: 15.944 Thread 0x0000023546671a70 Exception <a 'java/lang/NoSuchMethodError'{0x000000008371fb80}: static Lorg/gradle/internal/build/event/types/DefaultBinaryPluginIdentifier;.<clinit>()V> (0x000000008371fb80) 
thrown [s\src\hotspot\share\prims\jni.cpp, line 1108]
Event: 15.948 Thread 0x0000023546671a70 Exception <a 'java/lang/NoSuchMethodError'{0x000000008374c370}: static Lorg/gradle/internal/build/event/types/DefaultScriptPluginIdentifier;.<clinit>()V> (0x000000008374c370) 
thrown [s\src\hotspot\share\prims\jni.cpp, line 1108]
Event: 16.077 Thread 0x00000235466742f0 Implicit null exception at 0x0000023531f1c612 to 0x0000023531f1ccf0
Event: 16.077 Thread 0x00000235466742f0 Implicit null exception at 0x0000023531f28514 to 0x0000023531f28be0
Event: 16.153 Thread 0x00000235466742f0 Exception <a 'java/lang/NoSuchMethodError'{0x0000000084f1ce50}: 'void java.lang.invoke.Invokers$Holder.invoke_MT(java.lang.Object, java.lang.Object, java.lang.Object, java.lang.Object)'> (0x0000000084f1ce50) 
thrown [s\src\hotspot\share\interpreter\linkResolver.cpp, line 771]
Event: 16.171 Thread 0x00000235466742f0 Exception <a 'java/lang/NoSuchMethodError'{0x0000000084f9dd18}: 'java.lang.Object java.lang.invoke.DirectMethodHandle$Holder.invokeSpecial(java.lang.Object, java.lang.Object, java.lang.Object, int, java.lang.Object, java.lang.Object)'> (0x0000000084f9dd18) 
thrown [s\src\hotspot\share\interpreter\linkResolver.cpp, line 771]
Event: 16.420 Thread 0x00000235466742f0 Exception <a 'java/lang/ClassNotFoundException'{0x0000000084510b40}: sun/misc/SharedSecrets> (0x0000000084510b40) 
thrown [s\src\hotspot\share\classfile\systemDictionary.cpp, line 256]
Event: 16.420 Thread 0x00000235466742f0 Exception <a 'java/lang/ClassNotFoundException'{0x0000000084512118}: org/gradle/api/internal/plugins/DefaultObjectConfigurationActionBeanInfo> (0x0000000084512118) 
thrown [s\src\hotspot\share\classfile\systemDictionary.cpp, line 256]
Event: 16.421 Thread 0x00000235466742f0 Exception <a 'java/lang/ClassNotFoundException'{0x0000000084528488}: org/gradle/api/internal/plugins/DefaultObjectConfigurationActionCustomizer> (0x0000000084528488) 
thrown [s\src\hotspot\share\classfile\systemDictionary.cpp, line 256]
Event: 19.329 Thread 0x00000235466742f0 Implicit null exception at 0x00000235320d640c to 0x00000235320d6542
Event: 19.618 Thread 0x00000235466742f0 Exception <a 'sun/nio/fs/WindowsException'{0x000000008724e728}> (0x000000008724e728) 
thrown [s\src\hotspot\share\prims\jni.cpp, line 517]
Event: 20.787 Thread 0x00000235466742f0 Implicit null exception at 0x000002353222fd48 to 0x000002353222fe08
Event: 21.304 Thread 0x00000235466742f0 Implicit null exception at 0x0000023531f3d972 to 0x0000023531f3df48
Event: 21.543 Thread 0x00000235466742f0 Implicit null exception at 0x0000023531f3e8f2 to 0x0000023531f3eed8

VM Operations (20 events):
Event: 17.024 Executing VM operation: G1CollectForAllocation
Event: 17.027 Executing VM operation: G1CollectForAllocation done
Event: 17.105 Executing VM operation: G1CollectForAllocation
Event: 17.111 Executing VM operation: G1CollectForAllocation done
Event: 18.118 Executing VM operation: Cleanup
Event: 18.118 Executing VM operation: Cleanup done
Event: 18.424 Executing VM operation: G1CollectForAllocation
Event: 18.430 Executing VM operation: G1CollectForAllocation done
Event: 19.269 Executing VM operation: HandshakeAllThreads
Event: 19.269 Executing VM operation: HandshakeAllThreads done
Event: 19.340 Executing VM operation: HandshakeAllThreads
Event: 19.340 Executing VM operation: HandshakeAllThreads done
Event: 19.742 Executing VM operation: ICBufferFull
Event: 19.743 Executing VM operation: ICBufferFull done
Event: 19.974 Executing VM operation: G1CollectForAllocation
Event: 19.985 Executing VM operation: G1CollectForAllocation done
Event: 20.987 Executing VM operation: Cleanup
Event: 20.987 Executing VM operation: Cleanup done
Event: 21.347 Executing VM operation: G1CollectForAllocation
Event: 21.359 Executing VM operation: G1CollectForAllocation done

Events (20 events):
Event: 19.480 loading class java/util/Base64$Encoder
Event: 19.480 loading class java/util/Base64$Encoder done
Event: 19.484 loading class java/util/jar/JarVerifier$VerifierStream
Event: 19.484 loading class java/util/jar/JarVerifier$VerifierStream done
Event: 19.484 loading class sun/security/util/ManifestEntryVerifier$SunProviderHolder
Event: 19.484 loading class sun/security/util/ManifestEntryVerifier$SunProviderHolder done
Event: 19.612 loading class java/security/KeyStore$ProtectionParameter
Event: 19.613 loading class java/security/KeyStore$ProtectionParameter done
Event: 20.338 loading class java/security/KeyStore
Event: 20.339 loading class java/security/KeyStore done
Event: 20.339 loading class java/security/KeyStore$1
Event: 20.339 loading class java/security/KeyStore$1 done
Event: 20.661 loading class javax/xml/stream/XMLStreamException
Event: 20.662 loading class javax/xml/stream/XMLStreamException done
Event: 20.701 loading class sun/reflect/annotation/AnnotationInvocationHandler$1
Event: 20.702 loading class sun/reflect/annotation/AnnotationInvocationHandler$1 done
Event: 21.128 Thread 0x00000235463bcb20 Thread exited: 0x00000235463bcb20
Event: 21.602 Thread 0x000002354a363840 Thread added: 0x000002354a363840
Event: 21.663 loading class java/lang/Override
Event: 21.663 loading class java/lang/Override done


Dynamic libraries:
0x00007ff7b0900000 - 0x00007ff7b090a000 	C:\Program Files\Android\Android Studio1\jbr\bin\java.exe
0x00007ff906d30000 - 0x00007ff906f28000 	C:\Windows\SYSTEM32\ntdll.dll
0x00007ff905380000 - 0x00007ff905442000 	C:\Windows\System32\KERNEL32.DLL
0x00007ff904720000 - 0x00007ff904a1e000 	C:\Windows\System32\KERNELBASE.dll
0x00007ff904a20000 - 0x00007ff904b20000 	C:\Windows\System32\ucrtbase.dll
0x00007ff8993b0000 - 0x00007ff8993c7000 	C:\Program Files\Android\Android Studio1\jbr\bin\jli.dll
0x00007ff905ab0000 - 0x00007ff905c4d000 	C:\Windows\System32\USER32.dll
0x00007ff8edc00000 - 0x00007ff8edc1b000 	C:\Program Files\Android\Android Studio1\jbr\bin\VCRUNTIME140.dll
0x00007ff904d20000 - 0x00007ff904d42000 	C:\Windows\System32\win32u.dll
0x00007ff906af0000 - 0x00007ff906b1b000 	C:\Windows\System32\GDI32.dll
0x00007ff8f3ca0000 - 0x00007ff8f3f3a000 	C:\Windows\WinSxS\amd64_microsoft.windows.common-controls_6595b64144ccf1df_6.0.19041.4355_none_60b8b9eb71f62e16\COMCTL32.dll
0x00007ff904570000 - 0x00007ff904687000 	C:\Windows\System32\gdi32full.dll
0x00007ff9069f0000 - 0x00007ff906a8e000 	C:\Windows\System32\msvcrt.dll
0x00007ff904b20000 - 0x00007ff904bbd000 	C:\Windows\System32\msvcp_win.dll
0x00007ff905240000 - 0x00007ff90526f000 	C:\Windows\System32\IMM32.DLL
0x00007ff8f6c70000 - 0x00007ff8f6c7c000 	C:\Program Files\Android\Android Studio1\jbr\bin\vcruntime140_1.dll
0x00007ff8ad160000 - 0x00007ff8ad1ed000 	C:\Program Files\Android\Android Studio1\jbr\bin\msvcp140.dll
0x00007ff898410000 - 0x00007ff899093000 	C:\Program Files\Android\Android Studio1\jbr\bin\server\jvm.dll
0x00007ff905450000 - 0x00007ff905502000 	C:\Windows\System32\ADVAPI32.dll
0x00007ff9051a0000 - 0x00007ff905240000 	C:\Windows\System32\sechost.dll
0x00007ff906090000 - 0x00007ff9061b3000 	C:\Windows\System32\RPCRT4.dll
0x00007ff904540000 - 0x00007ff904567000 	C:\Windows\System32\bcrypt.dll
0x00007ff903910000 - 0x00007ff90395b000 	C:\Windows\SYSTEM32\POWRPROF.dll
0x00007ff8ef860000 - 0x00007ff8ef869000 	C:\Windows\SYSTEM32\WSOCK32.dll
0x00007ff905130000 - 0x00007ff90519b000 	C:\Windows\System32\WS2_32.dll
0x00007ff8f4200000 - 0x00007ff8f4227000 	C:\Windows\SYSTEM32\WINMM.dll
0x00007ff8f4a20000 - 0x00007ff8f4a2a000 	C:\Windows\SYSTEM32\VERSION.dll
0x00007ff9037d0000 - 0x00007ff9037e2000 	C:\Windows\SYSTEM32\UMPDC.dll
0x00007ff902250000 - 0x00007ff902262000 	C:\Windows\SYSTEM32\kernel.appcore.dll
0x00007ff8ef850000 - 0x00007ff8ef85a000 	C:\Program Files\Android\Android Studio1\jbr\bin\jimage.dll
0x00007ff8ef340000 - 0x00007ff8ef524000 	C:\Windows\SYSTEM32\DBGHELP.DLL
0x00007ff8ef540000 - 0x00007ff8ef574000 	C:\Windows\SYSTEM32\dbgcore.DLL
0x00007ff904690000 - 0x00007ff904712000 	C:\Windows\System32\bcryptPrimitives.dll
0x00007ff89b4f0000 - 0x00007ff89b4fe000 	C:\Program Files\Android\Android Studio1\jbr\bin\instrument.dll
0x00007ff8ef620000 - 0x00007ff8ef645000 	C:\Program Files\Android\Android Studio1\jbr\bin\java.dll
0x00007ff8a4050000 - 0x00007ff8a4068000 	C:\Program Files\Android\Android Studio1\jbr\bin\zip.dll
0x00007ff9061d0000 - 0x00007ff90693f000 	C:\Windows\System32\SHELL32.dll
0x00007ff902450000 - 0x00007ff902bf4000 	C:\Windows\SYSTEM32\windows.storage.dll
0x00007ff904dd0000 - 0x00007ff905123000 	C:\Windows\System32\combase.dll
0x00007ff903e00000 - 0x00007ff903e2e000 	C:\Windows\SYSTEM32\Wldp.dll
0x00007ff905980000 - 0x00007ff905a4d000 	C:\Windows\System32\OLEAUT32.dll
0x00007ff905270000 - 0x00007ff90531d000 	C:\Windows\System32\SHCORE.dll
0x00007ff906a90000 - 0x00007ff906ae5000 	C:\Windows\System32\shlwapi.dll
0x00007ff904300000 - 0x00007ff904324000 	C:\Windows\SYSTEM32\profapi.dll
0x00007ff8a4030000 - 0x00007ff8a4049000 	C:\Program Files\Android\Android Studio1\jbr\bin\net.dll
0x00007ff8fc1e0000 - 0x00007ff8fc2ed000 	C:\Windows\SYSTEM32\WINHTTP.dll
0x00007ff903b60000 - 0x00007ff903bca000 	C:\Windows\system32\mswsock.dll
0x00007ff89b8a0000 - 0x00007ff89b8b6000 	C:\Program Files\Android\Android Studio1\jbr\bin\nio.dll
0x00007ff8ef610000 - 0x00007ff8ef620000 	C:\Program Files\Android\Android Studio1\jbr\bin\verify.dll
0x00007ff8ab6a0000 - 0x00007ff8ab6c7000 	C:\Users\admin\.gradle\native\c067742578af261105cb4f569cf0c3c89f3d7b1fecec35dd04571415982c5e48\windows-amd64\native-platform.dll
0x00007ff8ac290000 - 0x00007ff8ac3d4000 	C:\Users\admin\.gradle\native\38dada09dfb8b06ba9b0570ebf7e218e3eb74d4ef43ca46872605cf95ebc2f47\windows-amd64\native-platform-file-events.dll
0x00007ff8fdab0000 - 0x00007ff8fdab9000 	C:\Program Files\Android\Android Studio1\jbr\bin\management.dll
0x00007ff8fdaa0000 - 0x00007ff8fdaab000 	C:\Program Files\Android\Android Studio1\jbr\bin\management_ext.dll
0x00007ff9061c0000 - 0x00007ff9061c8000 	C:\Windows\System32\PSAPI.DLL
0x00007ff903d60000 - 0x00007ff903d78000 	C:\Windows\SYSTEM32\CRYPTSP.dll
0x00007ff903410000 - 0x00007ff903444000 	C:\Windows\system32\rsaenh.dll
0x00007ff9042c0000 - 0x00007ff9042ee000 	C:\Windows\SYSTEM32\USERENV.dll
0x00007ff903d50000 - 0x00007ff903d5c000 	C:\Windows\SYSTEM32\CRYPTBASE.dll
0x00007ff9037f0000 - 0x00007ff90382b000 	C:\Windows\SYSTEM32\IPHLPAPI.DLL
0x00007ff905fa0000 - 0x00007ff905fa8000 	C:\Windows\System32\NSI.dll
0x00007ff8fd280000 - 0x00007ff8fd297000 	C:\Windows\SYSTEM32\dhcpcsvc6.DLL
0x00007ff8fd5d0000 - 0x00007ff8fd5ed000 	C:\Windows\SYSTEM32\dhcpcsvc.DLL
0x00007ff903840000 - 0x00007ff90390a000 	C:\Windows\SYSTEM32\DNSAPI.dll
0x00007ff8fe9f0000 - 0x00007ff8fe9f9000 	C:\Program Files\Android\Android Studio1\jbr\bin\extnet.dll
0x00007ff8fea00000 - 0x00007ff8fea07000 	C:\Windows\system32\wshunix.dll

dbghelp: loaded successfully - version: 4.0.5 - missing functions: none
symbol engine: initialized successfully - sym options: 0x614 - pdb path: .;C:\Program Files\Android\Android Studio1\jbr\bin;C:\Windows\SYSTEM32;C:\Windows\WinSxS\amd64_microsoft.windows.common-controls_6595b64144ccf1df_6.0.19041.4355_none_60b8b9eb71f62e16;C:\Program Files\Android\Android Studio1\jbr\bin\server;C:\Users\admin\.gradle\native\c067742578af261105cb4f569cf0c3c89f3d7b1fecec35dd04571415982c5e48\windows-amd64;C:\Users\admin\.gradle\native\38dada09dfb8b06ba9b0570ebf7e218e3eb74d4ef43ca46872605cf95ebc2f47\windows-amd64

VM Arguments:
jvm_args: --add-opens=java.base/java.util=ALL-UNNAMED --add-opens=java.base/java.lang=ALL-UNNAMED --add-opens=java.base/java.lang.invoke=ALL-UNNAMED --add-opens=java.prefs/java.util.prefs=ALL-UNNAMED --add-opens=java.base/java.nio.charset=ALL-UNNAMED --add-opens=java.base/java.net=ALL-UNNAMED --add-opens=java.base/java.util.concurrent.atomic=ALL-UNNAMED -Xmx2048m -Dfile.encoding=UTF-8 -Duser.country=IN -Duser.language=en -Duser.variant -javaagent:C:\Users\admin\.gradle\wrapper\dists\gradle-8.7-bin\bhs2wmbdwecv87pi65oeuq5iu\gradle-8.7\lib\agents\gradle-instrumentation-agent-8.7.jar 
java_command: org.gradle.launcher.daemon.bootstrap.GradleDaemon 8.7
java_class_path (initial): C:\Users\admin\.gradle\wrapper\dists\gradle-8.7-bin\bhs2wmbdwecv87pi65oeuq5iu\gradle-8.7\lib\gradle-launcher-8.7.jar
Launcher Type: SUN_STANDARD

[Global flags]
     intx CICompilerCount                          = 3                                         {product} {ergonomic}
     uint ConcGCThreads                            = 1                                         {product} {ergonomic}
     uint G1ConcRefinementThreads                  = 4                                         {product} {ergonomic}
   size_t G1HeapRegionSize                         = 1048576                                   {product} {ergonomic}
    uintx GCDrainStackTargetSize                   = 64                                        {product} {ergonomic}
   size_t InitialHeapSize                          = 130023424                                 {product} {ergonomic}
   size_t MarkStackSize                            = 4194304                                   {product} {ergonomic}
   size_t MaxHeapSize                              = 2147483648                                {product} {command line}
   size_t MaxNewSize                               = 1287651328                                {product} {ergonomic}
   size_t MinHeapDeltaBytes                        = 1048576                                   {product} {ergonomic}
   size_t MinHeapSize                              = 8388608                                   {product} {ergonomic}
    uintx NonNMethodCodeHeapSize                   = 5832780                                {pd product} {ergonomic}
    uintx NonProfiledCodeHeapSize                  = 122912730                              {pd product} {ergonomic}
    uintx ProfiledCodeHeapSize                     = 122912730                              {pd product} {ergonomic}
    uintx ReservedCodeCacheSize                    = 251658240                              {pd product} {ergonomic}
     bool SegmentedCodeCache                       = true                                      {product} {ergonomic}
   size_t SoftMaxHeapSize                          = 2147483648                             {manageable} {ergonomic}
     bool UseCompressedClassPointers               = true                           {product lp64_product} {ergonomic}
     bool UseCompressedOops                        = true                           {product lp64_product} {ergonomic}
     bool UseG1GC                                  = true                                      {product} {ergonomic}
     bool UseLargePagesIndividualAllocation        = false                                  {pd product} {ergonomic}

Logging:
Log output configuration:
 #0: stdout all=warning uptime,level,tags
 #1: stderr all=off uptime,level,tags

Environment Variables:
PATH=C:\Program Files\Common Files\Oracle\Java\javapath;C:\Windows\system32;C:\Windows;C:\Windows\System32\Wbem;C:\Windows\System32\WindowsPowerShell\v1.0\;C:\Windows\System32\OpenSSH\;C:\Program Files\dotnet\;C:\Program Files (x86)\Windows Kits\10\Windows Performance Toolkit\;C:\Users\admin\AppData\Local\Microsoft\WindowsApps;C:\Program Files\MySQL\MySQL Server 8.0;C:\MinGW\bin;C:\MinGW\bin;C:\Users\admin\.dotnet\tools;C:\Users\admin\AppData\Local\Programs\Microsoft VS Code\bin
USERNAME=admin
OS=Windows_NT
PROCESSOR_IDENTIFIER=Intel64 Family 6 Model 61 Stepping 4, GenuineIntel
TMP=C:\Users\admin\AppData\Local\Temp
TEMP=C:\Users\admin\AppData\Local\Temp



Periodic native trim disabled

JNI global refs:
JNI global refs: 26, weak refs: 2

JNI global refs memory usage: 843, weak refs: 841

OOME stack traces (most recent first):
Classloader memory used:
